** ComfyUI startup time: 2024-03-05 12:20:37.396113
[2024-03-05 12:20] ** Platform: Windows
[2024-03-05 12:20] ** Python version: 3.11.7 (tags/v3.11.7:fa7a6f2, Dec  4 2023, 19:24:49) [MSC v.1937 64 bit (AMD64)]
[2024-03-05 12:20] ** Python executable: C:\git\N3XUS-B0T-ComfyUI\.venv\Scripts\python.exe
[2024-03-05 12:20] ** Log path: C:\git\N3XUS-B0T-ComfyUI\comfyui.log
[2024-03-05 12:20] 
Prestartup times for custom nodes:
[2024-03-05 12:20]    0.1 seconds: C:\git\N3XUS-B0T-ComfyUI\custom_nodes\ComfyUI-Manager
[2024-03-05 12:20] 
[2024-03-05 12:20] Total VRAM 12281 MB, total RAM 65463 MB
WARNING[XFORMERS]: xFormers can't load C++/CUDA extensions. xFormers was built for:
    PyTorch 2.2.0+cu121 with CUDA 1201 (you have 2.3.0.dev20240305+cu121)
    Python  3.11.7 (you have 3.11.7)
  Please reinstall xformers (see https://github.com/facebookresearch/xformers#installing-xformers)
  Memory-efficient attention, SwiGLU, sparse and more won't be available.
  Set XFORMERS_MORE_DETAILS=1 for more details
[2024-03-05 12:20] xformers version: 0.0.24
[2024-03-05 12:20] Set vram state to: NORMAL_VRAM
[2024-03-05 12:20] Device: cuda:0 NVIDIA GeForce RTX 4070 : cudaMallocAsync
[2024-03-05 12:20] VAE dtype: torch.bfloat16
[2024-03-05 12:20] Using pytorch cross attention
[2024-03-05 12:20] Traceback (most recent call last):
  File "C:\git\N3XUS-B0T-ComfyUI\nodes.py", line 1887, in load_custom_node
    module_spec.loader.exec_module(module)
  File "<frozen importlib._bootstrap_external>", line 940, in exec_module
  File "<frozen importlib._bootstrap>", line 241, in _call_with_frames_removed
  File "C:\git\N3XUS-B0T-ComfyUI\custom_nodes\ComfyUI-3D-Pack\__init__.py", line 18, in <module>
    module = importlib.import_module(f".{nodes_filename}", package=__name__)
             ^^^^^^^^^^^^^^^^^^^^^^^^^^^^^^^^^^^^^^^^^^^^^^^^^^^^^^^^^^^^^^^
  File "C:\Users\MindExpander\AppData\Local\Programs\Python\Python311\Lib\importlib\__init__.py", line 126, in import_module
    return _bootstrap._gcd_import(name[level:], package, level)
           ^^^^^^^^^^^^^^^^^^^^^^^^^^^^^^^^^^^^^^^^^^^^^^^^^^^^
  File "<frozen importlib._bootstrap>", line 1204, in _gcd_import
  File "<frozen importlib._bootstrap>", line 1176, in _find_and_load
  File "<frozen importlib._bootstrap>", line 1147, in _find_and_load_unlocked
  File "<frozen importlib._bootstrap>", line 690, in _load_unlocked
  File "<frozen importlib._bootstrap_external>", line 940, in exec_module
  File "<frozen importlib._bootstrap>", line 241, in _call_with_frames_removed
  File "C:\git\N3XUS-B0T-ComfyUI\custom_nodes\ComfyUI-3D-Pack\nodes.py", line 31, in <module>
    from .algorithms.dmtet import DMTetMesh
  File "C:\git\N3XUS-B0T-ComfyUI\custom_nodes\ComfyUI-3D-Pack\algorithms\dmtet.py", line 6, in <module>
    from pytorch3d.loss import chamfer_distance, mesh_laplacian_smoothing
  File "C:\git\N3XUS-B0T-ComfyUI\.venv\Lib\site-packages\pytorch3d\loss\__init__.py", line 8, in <module>
    from .chamfer import chamfer_distance
  File "C:\git\N3XUS-B0T-ComfyUI\.venv\Lib\site-packages\pytorch3d\loss\chamfer.py", line 11, in <module>
    from pytorch3d.ops.knn import knn_gather, knn_points
  File "C:\git\N3XUS-B0T-ComfyUI\.venv\Lib\site-packages\pytorch3d\ops\__init__.py", line 7, in <module>
    from .ball_query import ball_query
  File "C:\git\N3XUS-B0T-ComfyUI\.venv\Lib\site-packages\pytorch3d\ops\ball_query.py", line 10, in <module>
    from pytorch3d import _C
ImportError: DLL load failed while importing _C: The specified procedure could not be found.
[2024-03-05 12:20] 
[2024-03-05 12:20] Cannot import C:\git\N3XUS-B0T-ComfyUI\custom_nodes\ComfyUI-3D-Pack module for custom nodes: DLL load failed while importing _C: The specified procedure could not be found.
[2024-03-05 12:20] ### Loading: ComfyUI-Manager (V2.9)
[2024-03-05 12:20] ### ComfyUI Revision: 2046 on 'N3XUS-B0T' [a38b9b3a] | Released on '2024-03-04'
[2024-03-05 12:20] 
Import times for custom nodes:
[2024-03-05 12:20]    0.5 seconds: C:\git\N3XUS-B0T-ComfyUI\custom_nodes\ComfyUI-Manager
[2024-03-05 12:20]    1.9 seconds (IMPORT FAILED): C:\git\N3XUS-B0T-ComfyUI\custom_nodes\ComfyUI-3D-Pack
[2024-03-05 12:20] 
[2024-03-05 12:20] Starting server
[2024-03-05 12:20] 
[2024-03-05 12:20] To see the GUI go to: http://127.0.0.1:8188
[2024-03-05 12:20] [ComfyUI-Manager] default cache updated: https://raw.githubusercontent.com/ltdrdata/ComfyUI-Manager/main/model-list.json
[2024-03-05 12:20] [ComfyUI-Manager] default cache updated: https://raw.githubusercontent.com/ltdrdata/ComfyUI-Manager/main/alter-list.json
[2024-03-05 12:20] [ComfyUI-Manager] default cache updated: https://raw.githubusercontent.com/ltdrdata/ComfyUI-Manager/main/custom-node-list.json
[2024-03-05 12:20] [ComfyUI-Manager] default cache updated: https://raw.githubusercontent.com/ltdrdata/ComfyUI-Manager/main/extension-node-map.json
